ERROR - 2026-03-25 09:05:20 --> Error connecting to the database: mysqli_sql_exception: Access denied for user ''@'localhost' (using password: NO) in D:\xampp\htdocs\vda\system\Database\MySQLi\Connection.php:201
Stack trace:
#0 D:\xampp\htdocs\vda\system\Database\MySQLi\Connection.php(201): mysqli->real_connect('localhost', '', Object(SensitiveParameterValue), '', 3306, '', 0)
#1 D:\xampp\htdocs\vda\system\Database\BaseConnection.php(419): CodeIgniter\Database\MySQLi\Connection->connect(false)
#2 D:\xampp\htdocs\vda\system\Database\BaseConnection.php(654): CodeIgniter\Database\BaseConnection->initialize()
#3 D:\xampp\htdocs\vda\system\Database\BaseBuilder.php(1649): CodeIgniter\Database\BaseConnection->query('SELECT *\nFROM `...', Array, false)
#4 D:\xampp\htdocs\vda\app\Views\admin\auth\login.php(6): CodeIgniter\Database\BaseBuilder->get()
#5 D:\xampp\htdocs\vda\system\View\View.php(238): include('D:\\xampp\\htdocs...')
#6 D:\xampp\htdocs\vda\system\View\View.php(241): CodeIgniter\View\View->CodeIgniter\View\{closure}()
#7 D:\xampp\htdocs\vda\system\Common.php(1250): CodeIgniter\View\View->render('admin/auth/logi...', Array, true)
#8 D:\xampp\htdocs\vda\app\Controllers\admin\Auth.php(12): view('admin/auth/logi...')
#9 D:\xampp\htdocs\vda\system\CodeIgniter.php(951): App\Controllers\Admin\Auth->login()
#10 D:\xampp\htdocs\vda\system\CodeIgniter.php(497): CodeIgniter\CodeIgniter->runController(Object(App\Controllers\Admin\Auth))
#11 D:\xampp\htdocs\vda\system\CodeIgniter.php(340): CodeIgniter\CodeIgniter->handleRequest(NULL, Object(Config\Cache), false)
#12 D:\xampp\htdocs\vda\system\Boot.php(417): CodeIgniter\CodeIgniter->run()
#13 D:\xampp\htdocs\vda\system\Boot.php(68): CodeIgniter\Boot::runCodeIgniter(Object(CodeIgniter\CodeIgniter))
#14 D:\xampp\htdocs\vda\index.php(59): CodeIgniter\Boot::bootWeb(Object(Config\Paths))
#15 {main}

Next CodeIgniter\Database\Exceptions\DatabaseException: Access denied for user ''@'localhost' (using password: NO) in D:\xampp\htdocs\vda\system\Database\MySQLi\Connection.php:231
Stack trace:
#0 D:\xampp\htdocs\vda\system\Database\BaseConnection.php(419): CodeIgniter\Database\MySQLi\Connection->connect(false)
#1 D:\xampp\htdocs\vda\system\Database\BaseConnection.php(654): CodeIgniter\Database\BaseConnection->initialize()
#2 D:\xampp\htdocs\vda\system\Database\BaseBuilder.php(1649): CodeIgniter\Database\BaseConnection->query('SELECT *\nFROM `...', Array, false)
#3 D:\xampp\htdocs\vda\app\Views\admin\auth\login.php(6): CodeIgniter\Database\BaseBuilder->get()
#4 D:\xampp\htdocs\vda\system\View\View.php(238): include('D:\\xampp\\htdocs...')
#5 D:\xampp\htdocs\vda\system\View\View.php(241): CodeIgniter\View\View->CodeIgniter\View\{closure}()
#6 D:\xampp\htdocs\vda\system\Common.php(1250): CodeIgniter\View\View->render('admin/auth/logi...', Array, true)
#7 D:\xampp\htdocs\vda\app\Controllers\admin\Auth.php(12): view('admin/auth/logi...')
#8 D:\xampp\htdocs\vda\system\CodeIgniter.php(951): App\Controllers\Admin\Auth->login()
#9 D:\xampp\htdocs\vda\system\CodeIgniter.php(497): CodeIgniter\CodeIgniter->runController(Object(App\Controllers\Admin\Auth))
#10 D:\xampp\htdocs\vda\system\CodeIgniter.php(340): CodeIgniter\CodeIgniter->handleRequest(NULL, Object(Config\Cache), false)
#11 D:\xampp\htdocs\vda\system\Boot.php(417): CodeIgniter\CodeIgniter->run()
#12 D:\xampp\htdocs\vda\system\Boot.php(68): CodeIgniter\Boot::runCodeIgniter(Object(CodeIgniter\CodeIgniter))
#13 D:\xampp\htdocs\vda\index.php(59): CodeIgniter\Boot::bootWeb(Object(Config\Paths))
#14 {main}
CRITICAL - 2026-03-25 09:05:20 --> CodeIgniter\Database\Exceptions\DatabaseException: Unable to connect to the database.
Main connection [MySQLi]: Access denied for user ''@'localhost' (using password: NO)
[Method: GET, Route: admin/login]
in SYSTEMPATH\Database\BaseConnection.php on line 465.
 1 SYSTEMPATH\Database\BaseConnection.php(654): CodeIgniter\Database\BaseConnection->initialize()
 2 SYSTEMPATH\Database\BaseBuilder.php(1649): CodeIgniter\Database\BaseConnection->query('SELECT *
FROM `settings`
WHERE `key` = :key:', [...], false)
 3 APPPATH\Views\admin\auth\login.php(6): CodeIgniter\Database\BaseBuilder->get()
 4 SYSTEMPATH\View\View.php(238): include('D:\\xampp\\htdocs\\vda\\app\\Views\\admin\\auth\\login.php')
 5 SYSTEMPATH\View\View.php(241): CodeIgniter\View\View->CodeIgniter\View\{closure}()
 6 SYSTEMPATH\Common.php(1250): CodeIgniter\View\View->render('admin/auth/login', [], true)
 7 APPPATH\Controllers\admin\Auth.php(12): view('admin/auth/login')
 8 SYSTEMPATH\CodeIgniter.php(951): App\Controllers\Admin\Auth->login()
 9 SYSTEMPATH\CodeIgniter.php(497): CodeIgniter\CodeIgniter->runController(Object(App\Controllers\Admin\Auth))
10 SYSTEMPATH\CodeIgniter.php(340): CodeIgniter\CodeIgniter->handleRequest(null, Object(Config\Cache), false)
11 SYSTEMPATH\Boot.php(417): CodeIgniter\CodeIgniter->run()
12 SYSTEMPATH\Boot.php(68): CodeIgniter\Boot::runCodeIgniter(Object(CodeIgniter\CodeIgniter))
13 FCPATH\index.php(59): CodeIgniter\Boot::bootWeb(Object(Config\Paths))
ERROR - 2026-03-25 09:06:21 --> Error connecting to the database: mysqli_sql_exception: Access denied for user ''@'localhost' (using password: NO) in D:\xampp\htdocs\vda\system\Database\MySQLi\Connection.php:201
Stack trace:
#0 D:\xampp\htdocs\vda\system\Database\MySQLi\Connection.php(201): mysqli->real_connect('localhost', '', Object(SensitiveParameterValue), 'vda', 3306, '', 0)
#1 D:\xampp\htdocs\vda\system\Database\BaseConnection.php(419): CodeIgniter\Database\MySQLi\Connection->connect(false)
#2 D:\xampp\htdocs\vda\system\Database\BaseConnection.php(654): CodeIgniter\Database\BaseConnection->initialize()
#3 D:\xampp\htdocs\vda\system\Database\BaseBuilder.php(1649): CodeIgniter\Database\BaseConnection->query('SELECT *\nFROM `...', Array, false)
#4 D:\xampp\htdocs\vda\app\Views\admin\auth\login.php(6): CodeIgniter\Database\BaseBuilder->get()
#5 D:\xampp\htdocs\vda\system\View\View.php(238): include('D:\\xampp\\htdocs...')
#6 D:\xampp\htdocs\vda\system\View\View.php(241): CodeIgniter\View\View->CodeIgniter\View\{closure}()
#7 D:\xampp\htdocs\vda\system\Common.php(1250): CodeIgniter\View\View->render('admin/auth/logi...', Array, true)
#8 D:\xampp\htdocs\vda\app\Controllers\admin\Auth.php(12): view('admin/auth/logi...')
#9 D:\xampp\htdocs\vda\system\CodeIgniter.php(951): App\Controllers\Admin\Auth->login()
#10 D:\xampp\htdocs\vda\system\CodeIgniter.php(497): CodeIgniter\CodeIgniter->runController(Object(App\Controllers\Admin\Auth))
#11 D:\xampp\htdocs\vda\system\CodeIgniter.php(340): CodeIgniter\CodeIgniter->handleRequest(NULL, Object(Config\Cache), false)
#12 D:\xampp\htdocs\vda\system\Boot.php(417): CodeIgniter\CodeIgniter->run()
#13 D:\xampp\htdocs\vda\system\Boot.php(68): CodeIgniter\Boot::runCodeIgniter(Object(CodeIgniter\CodeIgniter))
#14 D:\xampp\htdocs\vda\index.php(59): CodeIgniter\Boot::bootWeb(Object(Config\Paths))
#15 {main}

Next CodeIgniter\Database\Exceptions\DatabaseException: Access denied for user ''@'localhost' (using password: NO) in D:\xampp\htdocs\vda\system\Database\MySQLi\Connection.php:231
Stack trace:
#0 D:\xampp\htdocs\vda\system\Database\BaseConnection.php(419): CodeIgniter\Database\MySQLi\Connection->connect(false)
#1 D:\xampp\htdocs\vda\system\Database\BaseConnection.php(654): CodeIgniter\Database\BaseConnection->initialize()
#2 D:\xampp\htdocs\vda\system\Database\BaseBuilder.php(1649): CodeIgniter\Database\BaseConnection->query('SELECT *\nFROM `...', Array, false)
#3 D:\xampp\htdocs\vda\app\Views\admin\auth\login.php(6): CodeIgniter\Database\BaseBuilder->get()
#4 D:\xampp\htdocs\vda\system\View\View.php(238): include('D:\\xampp\\htdocs...')
#5 D:\xampp\htdocs\vda\system\View\View.php(241): CodeIgniter\View\View->CodeIgniter\View\{closure}()
#6 D:\xampp\htdocs\vda\system\Common.php(1250): CodeIgniter\View\View->render('admin/auth/logi...', Array, true)
#7 D:\xampp\htdocs\vda\app\Controllers\admin\Auth.php(12): view('admin/auth/logi...')
#8 D:\xampp\htdocs\vda\system\CodeIgniter.php(951): App\Controllers\Admin\Auth->login()
#9 D:\xampp\htdocs\vda\system\CodeIgniter.php(497): CodeIgniter\CodeIgniter->runController(Object(App\Controllers\Admin\Auth))
#10 D:\xampp\htdocs\vda\system\CodeIgniter.php(340): CodeIgniter\CodeIgniter->handleRequest(NULL, Object(Config\Cache), false)
#11 D:\xampp\htdocs\vda\system\Boot.php(417): CodeIgniter\CodeIgniter->run()
#12 D:\xampp\htdocs\vda\system\Boot.php(68): CodeIgniter\Boot::runCodeIgniter(Object(CodeIgniter\CodeIgniter))
#13 D:\xampp\htdocs\vda\index.php(59): CodeIgniter\Boot::bootWeb(Object(Config\Paths))
#14 {main}
CRITICAL - 2026-03-25 09:06:21 --> CodeIgniter\Database\Exceptions\DatabaseException: Unable to connect to the database.
Main connection [MySQLi]: Access denied for user ''@'localhost' (using password: NO)
[Method: GET, Route: admin/login]
in SYSTEMPATH\Database\BaseConnection.php on line 465.
 1 SYSTEMPATH\Database\BaseConnection.php(654): CodeIgniter\Database\BaseConnection->initialize()
 2 SYSTEMPATH\Database\BaseBuilder.php(1649): CodeIgniter\Database\BaseConnection->query('SELECT *
FROM `settings`
WHERE `key` = :key:', [...], false)
 3 APPPATH\Views\admin\auth\login.php(6): CodeIgniter\Database\BaseBuilder->get()
 4 SYSTEMPATH\View\View.php(238): include('D:\\xampp\\htdocs\\vda\\app\\Views\\admin\\auth\\login.php')
 5 SYSTEMPATH\View\View.php(241): CodeIgniter\View\View->CodeIgniter\View\{closure}()
 6 SYSTEMPATH\Common.php(1250): CodeIgniter\View\View->render('admin/auth/login', [], true)
 7 APPPATH\Controllers\admin\Auth.php(12): view('admin/auth/login')
 8 SYSTEMPATH\CodeIgniter.php(951): App\Controllers\Admin\Auth->login()
 9 SYSTEMPATH\CodeIgniter.php(497): CodeIgniter\CodeIgniter->runController(Object(App\Controllers\Admin\Auth))
10 SYSTEMPATH\CodeIgniter.php(340): CodeIgniter\CodeIgniter->handleRequest(null, Object(Config\Cache), false)
11 SYSTEMPATH\Boot.php(417): CodeIgniter\CodeIgniter->run()
12 SYSTEMPATH\Boot.php(68): CodeIgniter\Boot::runCodeIgniter(Object(CodeIgniter\CodeIgniter))
13 FCPATH\index.php(59): CodeIgniter\Boot::bootWeb(Object(Config\Paths))
ERROR - 2026-03-25 09:06:22 --> Error connecting to the database: mysqli_sql_exception: Access denied for user ''@'localhost' (using password: NO) in D:\xampp\htdocs\vda\system\Database\MySQLi\Connection.php:201
Stack trace:
#0 D:\xampp\htdocs\vda\system\Database\MySQLi\Connection.php(201): mysqli->real_connect('localhost', '', Object(SensitiveParameterValue), 'vda', 3306, '', 0)
#1 D:\xampp\htdocs\vda\system\Database\BaseConnection.php(419): CodeIgniter\Database\MySQLi\Connection->connect(false)
#2 D:\xampp\htdocs\vda\system\Database\BaseConnection.php(654): CodeIgniter\Database\BaseConnection->initialize()
#3 D:\xampp\htdocs\vda\system\Database\BaseBuilder.php(1649): CodeIgniter\Database\BaseConnection->query('SELECT *\nFROM `...', Array, false)
#4 D:\xampp\htdocs\vda\app\Views\admin\auth\login.php(6): CodeIgniter\Database\BaseBuilder->get()
#5 D:\xampp\htdocs\vda\system\View\View.php(238): include('D:\\xampp\\htdocs...')
#6 D:\xampp\htdocs\vda\system\View\View.php(241): CodeIgniter\View\View->CodeIgniter\View\{closure}()
#7 D:\xampp\htdocs\vda\system\Common.php(1250): CodeIgniter\View\View->render('admin/auth/logi...', Array, true)
#8 D:\xampp\htdocs\vda\app\Controllers\admin\Auth.php(12): view('admin/auth/logi...')
#9 D:\xampp\htdocs\vda\system\CodeIgniter.php(951): App\Controllers\Admin\Auth->login()
#10 D:\xampp\htdocs\vda\system\CodeIgniter.php(497): CodeIgniter\CodeIgniter->runController(Object(App\Controllers\Admin\Auth))
#11 D:\xampp\htdocs\vda\system\CodeIgniter.php(340): CodeIgniter\CodeIgniter->handleRequest(NULL, Object(Config\Cache), false)
#12 D:\xampp\htdocs\vda\system\Boot.php(417): CodeIgniter\CodeIgniter->run()
#13 D:\xampp\htdocs\vda\system\Boot.php(68): CodeIgniter\Boot::runCodeIgniter(Object(CodeIgniter\CodeIgniter))
#14 D:\xampp\htdocs\vda\index.php(59): CodeIgniter\Boot::bootWeb(Object(Config\Paths))
#15 {main}

Next CodeIgniter\Database\Exceptions\DatabaseException: Access denied for user ''@'localhost' (using password: NO) in D:\xampp\htdocs\vda\system\Database\MySQLi\Connection.php:231
Stack trace:
#0 D:\xampp\htdocs\vda\system\Database\BaseConnection.php(419): CodeIgniter\Database\MySQLi\Connection->connect(false)
#1 D:\xampp\htdocs\vda\system\Database\BaseConnection.php(654): CodeIgniter\Database\BaseConnection->initialize()
#2 D:\xampp\htdocs\vda\system\Database\BaseBuilder.php(1649): CodeIgniter\Database\BaseConnection->query('SELECT *\nFROM `...', Array, false)
#3 D:\xampp\htdocs\vda\app\Views\admin\auth\login.php(6): CodeIgniter\Database\BaseBuilder->get()
#4 D:\xampp\htdocs\vda\system\View\View.php(238): include('D:\\xampp\\htdocs...')
#5 D:\xampp\htdocs\vda\system\View\View.php(241): CodeIgniter\View\View->CodeIgniter\View\{closure}()
#6 D:\xampp\htdocs\vda\system\Common.php(1250): CodeIgniter\View\View->render('admin/auth/logi...', Array, true)
#7 D:\xampp\htdocs\vda\app\Controllers\admin\Auth.php(12): view('admin/auth/logi...')
#8 D:\xampp\htdocs\vda\system\CodeIgniter.php(951): App\Controllers\Admin\Auth->login()
#9 D:\xampp\htdocs\vda\system\CodeIgniter.php(497): CodeIgniter\CodeIgniter->runController(Object(App\Controllers\Admin\Auth))
#10 D:\xampp\htdocs\vda\system\CodeIgniter.php(340): CodeIgniter\CodeIgniter->handleRequest(NULL, Object(Config\Cache), false)
#11 D:\xampp\htdocs\vda\system\Boot.php(417): CodeIgniter\CodeIgniter->run()
#12 D:\xampp\htdocs\vda\system\Boot.php(68): CodeIgniter\Boot::runCodeIgniter(Object(CodeIgniter\CodeIgniter))
#13 D:\xampp\htdocs\vda\index.php(59): CodeIgniter\Boot::bootWeb(Object(Config\Paths))
#14 {main}
CRITICAL - 2026-03-25 09:06:22 --> CodeIgniter\Database\Exceptions\DatabaseException: Unable to connect to the database.
Main connection [MySQLi]: Access denied for user ''@'localhost' (using password: NO)
[Method: GET, Route: admin/login]
in SYSTEMPATH\Database\BaseConnection.php on line 465.
 1 SYSTEMPATH\Database\BaseConnection.php(654): CodeIgniter\Database\BaseConnection->initialize()
 2 SYSTEMPATH\Database\BaseBuilder.php(1649): CodeIgniter\Database\BaseConnection->query('SELECT *
FROM `settings`
WHERE `key` = :key:', [...], false)
 3 APPPATH\Views\admin\auth\login.php(6): CodeIgniter\Database\BaseBuilder->get()
 4 SYSTEMPATH\View\View.php(238): include('D:\\xampp\\htdocs\\vda\\app\\Views\\admin\\auth\\login.php')
 5 SYSTEMPATH\View\View.php(241): CodeIgniter\View\View->CodeIgniter\View\{closure}()
 6 SYSTEMPATH\Common.php(1250): CodeIgniter\View\View->render('admin/auth/login', [], true)
 7 APPPATH\Controllers\admin\Auth.php(12): view('admin/auth/login')
 8 SYSTEMPATH\CodeIgniter.php(951): App\Controllers\Admin\Auth->login()
 9 SYSTEMPATH\CodeIgniter.php(497): CodeIgniter\CodeIgniter->runController(Object(App\Controllers\Admin\Auth))
10 SYSTEMPATH\CodeIgniter.php(340): CodeIgniter\CodeIgniter->handleRequest(null, Object(Config\Cache), false)
11 SYSTEMPATH\Boot.php(417): CodeIgniter\CodeIgniter->run()
12 SYSTEMPATH\Boot.php(68): CodeIgniter\Boot::runCodeIgniter(Object(CodeIgniter\CodeIgniter))
13 FCPATH\index.php(59): CodeIgniter\Boot::bootWeb(Object(Config\Paths))
CRITICAL - 2026-03-25 09:39:35 --> ErrorException: Undefined variable $faviconUrl
[Method: GET, Route: admin/login]
in APPPATH\Views\admin\auth\login.php on line 136.
 1 APPPATH\Views\admin\auth\login.php(136): CodeIgniter\Debug\Exceptions->errorHandler(2, 'Undefined variable $faviconUrl', 'D:\\xampp\\htdocs\\vda\\app\\Views\\admin\\auth\\login.php', 136)
 2 SYSTEMPATH\View\View.php(238): include('D:\\xampp\\htdocs\\vda\\app\\Views\\admin\\auth\\login.php')
 3 SYSTEMPATH\View\View.php(241): CodeIgniter\View\View->CodeIgniter\View\{closure}()
 4 SYSTEMPATH\Common.php(1250): CodeIgniter\View\View->render('admin/auth/login', [], true)
 5 APPPATH\Controllers\admin\Auth.php(12): view('admin/auth/login')
 6 SYSTEMPATH\CodeIgniter.php(951): App\Controllers\Admin\Auth->login()
 7 SYSTEMPATH\CodeIgniter.php(497): CodeIgniter\CodeIgniter->runController(Object(App\Controllers\Admin\Auth))
 8 SYSTEMPATH\CodeIgniter.php(340): CodeIgniter\CodeIgniter->handleRequest(null, Object(Config\Cache), false)
 9 SYSTEMPATH\Boot.php(417): CodeIgniter\CodeIgniter->run()
10 SYSTEMPATH\Boot.php(68): CodeIgniter\Boot::runCodeIgniter(Object(CodeIgniter\CodeIgniter))
11 FCPATH\index.php(59): CodeIgniter\Boot::bootWeb(Object(Config\Paths))
CRITICAL - 2026-03-25 10:38:43 --> ErrorException: include(layout/footer.php): Failed to open stream: No such file or directory
[Method: GET, Route: admin/dashboard]
in APPPATH\Views\admin\dashboard.php on line 136.
 1 APPPATH\Views\admin\dashboard.php(136): CodeIgniter\Debug\Exceptions->errorHandler(2, 'include(layout/footer.php): Failed to open stream: No such file or directory', 'D:\\xampp\\htdocs\\vda\\app\\Views\\admin\\dashboard.php', 136)
 2 APPPATH\Views\admin\dashboard.php(136): include()
 3 SYSTEMPATH\View\View.php(238): include('D:\\xampp\\htdocs\\vda\\app\\Views\\admin\\dashboard.php')
 4 SYSTEMPATH\View\View.php(241): CodeIgniter\View\View->CodeIgniter\View\{closure}()
 5 SYSTEMPATH\Common.php(1250): CodeIgniter\View\View->render('admin/dashboard', [], true)
 6 APPPATH\Controllers\admin\Dashboard.php(11): view('admin/dashboard')
 7 SYSTEMPATH\CodeIgniter.php(951): App\Controllers\Admin\Dashboard->index()
 8 SYSTEMPATH\CodeIgniter.php(497): CodeIgniter\CodeIgniter->runController(Object(App\Controllers\Admin\Dashboard))
 9 SYSTEMPATH\CodeIgniter.php(340): CodeIgniter\CodeIgniter->handleRequest(null, Object(Config\Cache), false)
10 SYSTEMPATH\Boot.php(417): CodeIgniter\CodeIgniter->run()
11 SYSTEMPATH\Boot.php(68): CodeIgniter\Boot::runCodeIgniter(Object(CodeIgniter\CodeIgniter))
12 FCPATH\index.php(59): CodeIgniter\Boot::bootWeb(Object(Config\Paths))
CRITICAL - 2026-03-25 10:52:54 --> ErrorException: Undefined variable $faviconPath
[Method: GET, Route: admin/dashboard]
in APPPATH\Views\admin\layout\sidebar.php on line 2.
 1 APPPATH\Views\admin\layout\sidebar.php(2): CodeIgniter\Debug\Exceptions->errorHandler(2, 'Undefined variable $faviconPath', 'D:\\xampp\\htdocs\\vda\\app\\Views\\admin\\layout\\sidebar.php', 2)
 2 APPPATH\Views\admin\dashboard.php(2): include('D:\\xampp\\htdocs\\vda\\app\\Views\\admin\\layout\\sidebar.php')
 3 SYSTEMPATH\View\View.php(238): include('D:\\xampp\\htdocs\\vda\\app\\Views\\admin\\dashboard.php')
 4 SYSTEMPATH\View\View.php(241): CodeIgniter\View\View->CodeIgniter\View\{closure}()
 5 SYSTEMPATH\Common.php(1250): CodeIgniter\View\View->render('admin/dashboard', [], true)
 6 APPPATH\Controllers\admin\Dashboard.php(11): view('admin/dashboard')
 7 SYSTEMPATH\CodeIgniter.php(951): App\Controllers\Admin\Dashboard->index()
 8 SYSTEMPATH\CodeIgniter.php(497): CodeIgniter\CodeIgniter->runController(Object(App\Controllers\Admin\Dashboard))
 9 SYSTEMPATH\CodeIgniter.php(340): CodeIgniter\CodeIgniter->handleRequest(null, Object(Config\Cache), false)
10 SYSTEMPATH\Boot.php(417): CodeIgniter\CodeIgniter->run()
11 SYSTEMPATH\Boot.php(68): CodeIgniter\Boot::runCodeIgniter(Object(CodeIgniter\CodeIgniter))
12 FCPATH\index.php(59): CodeIgniter\Boot::bootWeb(Object(Config\Paths))
CRITICAL - 2026-03-25 11:13:02 --> ErrorException: include(layout/footer.php): Failed to open stream: No such file or directory
[Method: GET, Route: admin/home]
in APPPATH\Views\admin\home.php on line 84.
 1 APPPATH\Views\admin\home.php(84): CodeIgniter\Debug\Exceptions->errorHandler(2, 'include(layout/footer.php): Failed to open stream: No such file or directory', 'D:\\xampp\\htdocs\\vda\\app\\Views\\admin\\home.php', 84)
 2 APPPATH\Views\admin\home.php(84): include()
 3 SYSTEMPATH\View\View.php(238): include('D:\\xampp\\htdocs\\vda\\app\\Views\\admin\\home.php')
 4 SYSTEMPATH\View\View.php(241): CodeIgniter\View\View->CodeIgniter\View\{closure}()
 5 SYSTEMPATH\Common.php(1250): CodeIgniter\View\View->render('admin/home', [], true)
 6 APPPATH\Controllers\admin\HomeController.php(24): view('admin/home', [...])
 7 SYSTEMPATH\CodeIgniter.php(951): App\Controllers\Admin\HomeController->index()
 8 SYSTEMPATH\CodeIgniter.php(497): CodeIgniter\CodeIgniter->runController(Object(App\Controllers\Admin\HomeController))
 9 SYSTEMPATH\CodeIgniter.php(340): CodeIgniter\CodeIgniter->handleRequest(null, Object(Config\Cache), false)
10 SYSTEMPATH\Boot.php(417): CodeIgniter\CodeIgniter->run()
11 SYSTEMPATH\Boot.php(68): CodeIgniter\Boot::runCodeIgniter(Object(CodeIgniter\CodeIgniter))
12 FCPATH\index.php(59): CodeIgniter\Boot::bootWeb(Object(Config\Paths))
CRITICAL - 2026-03-25 11:13:41 --> ErrorException: include(layout/footer.php): Failed to open stream: No such file or directory
[Method: GET, Route: admin/home]
in APPPATH\Views\admin\home.php on line 84.
 1 APPPATH\Views\admin\home.php(84): CodeIgniter\Debug\Exceptions->errorHandler(2, 'include(layout/footer.php): Failed to open stream: No such file or directory', 'D:\\xampp\\htdocs\\vda\\app\\Views\\admin\\home.php', 84)
 2 APPPATH\Views\admin\home.php(84): include()
 3 SYSTEMPATH\View\View.php(238): include('D:\\xampp\\htdocs\\vda\\app\\Views\\admin\\home.php')
 4 SYSTEMPATH\View\View.php(241): CodeIgniter\View\View->CodeIgniter\View\{closure}()
 5 SYSTEMPATH\Common.php(1250): CodeIgniter\View\View->render('admin/home', [], true)
 6 APPPATH\Controllers\admin\HomeController.php(24): view('admin/home', [...])
 7 SYSTEMPATH\CodeIgniter.php(951): App\Controllers\Admin\HomeController->index()
 8 SYSTEMPATH\CodeIgniter.php(497): CodeIgniter\CodeIgniter->runController(Object(App\Controllers\Admin\HomeController))
 9 SYSTEMPATH\CodeIgniter.php(340): CodeIgniter\CodeIgniter->handleRequest(null, Object(Config\Cache), false)
10 SYSTEMPATH\Boot.php(417): CodeIgniter\CodeIgniter->run()
11 SYSTEMPATH\Boot.php(68): CodeIgniter\Boot::runCodeIgniter(Object(CodeIgniter\CodeIgniter))
12 FCPATH\index.php(59): CodeIgniter\Boot::bootWeb(Object(Config\Paths))
CRITICAL - 2026-03-25 11:50:03 --> ErrorException: include(includes/header.php): Failed to open stream: No such file or directory
[Method: GET, Route: admin/home]
in APPPATH\Views\admin\home.php on line 1.
 1 APPPATH\Views\admin\home.php(1): CodeIgniter\Debug\Exceptions->errorHandler(2, 'include(includes/header.php): Failed to open stream: No such file or directory', 'D:\\xampp\\htdocs\\vda\\app\\Views\\admin\\home.php', 1)
 2 APPPATH\Views\admin\home.php(1): include()
 3 SYSTEMPATH\View\View.php(238): include('D:\\xampp\\htdocs\\vda\\app\\Views\\admin\\home.php')
 4 SYSTEMPATH\View\View.php(241): CodeIgniter\View\View->CodeIgniter\View\{closure}()
 5 SYSTEMPATH\Common.php(1250): CodeIgniter\View\View->render('admin/home', [], true)
 6 APPPATH\Controllers\admin\HomeController.php(41): view('admin/home', [...])
 7 SYSTEMPATH\CodeIgniter.php(951): App\Controllers\Admin\HomeController->index()
 8 SYSTEMPATH\CodeIgniter.php(497): CodeIgniter\CodeIgniter->runController(Object(App\Controllers\Admin\HomeController))
 9 SYSTEMPATH\CodeIgniter.php(340): CodeIgniter\CodeIgniter->handleRequest(null, Object(Config\Cache), false)
10 SYSTEMPATH\Boot.php(417): CodeIgniter\CodeIgniter->run()
11 SYSTEMPATH\Boot.php(68): CodeIgniter\Boot::runCodeIgniter(Object(CodeIgniter\CodeIgniter))
12 FCPATH\index.php(59): CodeIgniter\Boot::bootWeb(Object(Config\Paths))
CRITICAL - 2026-03-25 11:50:25 --> ErrorException: include(includes/header.php): Failed to open stream: No such file or directory
[Method: GET, Route: admin/home]
in APPPATH\Views\admin\home.php on line 1.
 1 APPPATH\Views\admin\home.php(1): CodeIgniter\Debug\Exceptions->errorHandler(2, 'include(includes/header.php): Failed to open stream: No such file or directory', 'D:\\xampp\\htdocs\\vda\\app\\Views\\admin\\home.php', 1)
 2 APPPATH\Views\admin\home.php(1): include()
 3 SYSTEMPATH\View\View.php(238): include('D:\\xampp\\htdocs\\vda\\app\\Views\\admin\\home.php')
 4 SYSTEMPATH\View\View.php(241): CodeIgniter\View\View->CodeIgniter\View\{closure}()
 5 SYSTEMPATH\Common.php(1250): CodeIgniter\View\View->render('admin/home', [], true)
 6 APPPATH\Controllers\admin\HomeController.php(41): view('admin/home', [...])
 7 SYSTEMPATH\CodeIgniter.php(951): App\Controllers\Admin\HomeController->index()
 8 SYSTEMPATH\CodeIgniter.php(497): CodeIgniter\CodeIgniter->runController(Object(App\Controllers\Admin\HomeController))
 9 SYSTEMPATH\CodeIgniter.php(340): CodeIgniter\CodeIgniter->handleRequest(null, Object(Config\Cache), false)
10 SYSTEMPATH\Boot.php(417): CodeIgniter\CodeIgniter->run()
11 SYSTEMPATH\Boot.php(68): CodeIgniter\Boot::runCodeIgniter(Object(CodeIgniter\CodeIgniter))
12 FCPATH\index.php(59): CodeIgniter\Boot::bootWeb(Object(Config\Paths))
